7/18/13 10:51:51 AM org.neo4j.server.CommunityBootstrapper WARNING: WARNING! You are using an unsupported Java runtime. Please use Oracle(R) Java(TM) Runtime Environment 7.
7/18/13 10:51:51 AM org.neo4j.server.AbstractNeoServer INFO: Setting startup timeout to: 120000ms based on -1
7/18/13 10:51:51 AM org.neo4j.server.database.Database INFO: Loaded neo4j tuning properties from conf/neo4j.properties
10:51:51.647 [main] WARN  o.neo4j.kernel.EmbeddedGraphDatabase - WARNING! You are using an unsupported Java runtime. Please use Oracle(R) Java(TM) Runtime Environment 7.
7/18/13 10:51:55 AM org.neo4j.server.database.Database INFO: Successfully started database
7/18/13 10:51:56 AM org.neo4j.server.AbstractNeoServer INFO: Starting Neo Server on port [7474] with [40] threads available
7/18/13 10:51:56 AM org.neo4j.server.AbstractNeoServer INFO: Enabling HTTPS on port [7473]
7/18/13 10:51:56 AM org.neo4j.server.AbstractNeoServer INFO: No SSL certificate found, generating a self-signed certificate..
7/18/13 10:51:56 AM org.neo4j.server.modules.DiscoveryModule INFO: Mounted discovery module at [/]
7/18/13 10:51:56 AM org.neo4j.server.modules.RESTApiModule INFO: Mounted REST API at [/db/data/]
7/18/13 10:51:56 AM org.neo4j.server.modules.ManagementApiModule INFO: Mounted management API at [/db/manage/]
7/18/13 10:51:56 AM org.neo4j.server.modules.WebAdminModule INFO: Mounted webadmin at [/webadmin]
10:51:56.889 [main] INFO  org.mortbay.log - Logging to Logger[org.mortbay.log] via org.mortbay.log.Slf4jLog
7/18/13 10:51:56 AM org.neo4j.server.web.Jetty6WebServer INFO: Mounting static content at [/webadmin] from [webadmin-html]
10:51:56.943 [main] INFO  org.mortbay.log - jetty-6.1.25
10:51:56.994 [main] WARN  org.mortbay.log - Can't reuse /tmp/Jetty_localhost_7474_webadmin.html__webadmin__.w17eyp, using /tmp/Jetty_localhost_7474_webadmin.html__webadmin__.w17eyp_6557006140331171124
10:51:57.022 [main] INFO  org.mortbay.log - NO JSP Support for /webadmin, did not find org.apache.jasper.servlet.JspServlet
10:51:58.468 [main] WARN  org.mortbay.log - failed SelectChannelConnector@localhost:7474: java.net.BindException: Address already in use
10:51:58.475 [main] WARN  org.mortbay.log - failed SslSocketConnector@localhost:7473: java.net.BindException: Address already in use
10:51:58.475 [main] WARN  org.mortbay.log - failed Server@cb80017: org.mortbay.util.MultiException[java.net.BindException: Address already in use, java.net.BindException: Address already in use]
java.lang.RuntimeException: org.mortbay.util.MultiException[java.net.BindException: Address already in use, java.net.BindException: Address already in use]
	at org.neo4j.server.web.Jetty6WebServer.startJetty(Jetty6WebServer.java:331)
	at org.neo4j.server.web.Jetty6WebServer.start(Jetty6WebServer.java:163)
	at org.neo4j.server.AbstractNeoServer.startWebServer(AbstractNeoServer.java:372)
	at org.neo4j.server.AbstractNeoServer.start(AbstractNeoServer.java:158)
	at org.neo4j.server.Bootstrapper.start(Bootstrapper.java:86)
	at org.neo4j.server.Bootstrapper.main(Bootstrapper.java:49)
Caused by: org.mortbay.util.MultiException[java.net.BindException: Address already in use, java.net.BindException: Address already in use]
	at org.mortbay.jetty.Server.doStart(Server.java:188)
	at org.mortbay.component.AbstractLifeCycle.start(AbstractLifeCycle.java:50)
	at org.neo4j.server.web.Jetty6WebServer.startJetty(Jetty6WebServer.java:327)
	... 5 more
7/18/13 10:51:58 AM org.neo4j.server.AbstractNeoServer SEVERE: Failed to start Neo Server on port [7474], reason [org.mortbay.util.MultiException[java.net.BindException: Address already in use, java.net.BindException: Address already in use]]
7/18/13 11:09:27 AM org.neo4j.server.CommunityBootstrapper INFO: Neo4j Server shutdown initiated by kill signal
11:09:27.363 [Thread-9] INFO  org.mortbay.log - Stopped SslSocketConnector@localhost:7473
11:09:27.365 [Thread-9] INFO  org.mortbay.log - Stopped SelectChannelConnector@localhost:7474
7/18/13 11:13:53 AM org.neo4j.server.AbstractNeoServer INFO: Setting startup timeout to: 120000ms based on -1
7/18/13 11:13:54 AM org.neo4j.server.database.Database INFO: Loaded neo4j tuning properties from conf/neo4j.properties
7/18/13 11:13:56 AM org.neo4j.server.database.Database INFO: Successfully started database
7/18/13 11:13:57 AM org.neo4j.server.AbstractNeoServer INFO: Starting Neo Server on port [7474] with [40] threads available
7/18/13 11:13:57 AM org.neo4j.server.AbstractNeoServer INFO: Enabling HTTPS on port [7473]
7/18/13 11:13:58 AM org.neo4j.server.modules.DiscoveryModule INFO: Mounted discovery module at [/]
7/18/13 11:13:58 AM org.neo4j.server.modules.RESTApiModule INFO: Mounted REST API at [/db/data/]
7/18/13 11:13:58 AM org.neo4j.server.modules.ManagementApiModule INFO: Mounted management API at [/db/manage/]
7/18/13 11:13:58 AM org.neo4j.server.modules.WebAdminModule INFO: Mounted webadmin at [/webadmin]
11:13:58.473 [main] INFO  org.mortbay.log - Logging to Logger[org.mortbay.log] via org.mortbay.log.Slf4jLog
7/18/13 11:13:58 AM org.neo4j.server.web.Jetty6WebServer INFO: Mounting static content at [/webadmin] from [webadmin-html]
11:13:58.581 [main] INFO  org.mortbay.log - jetty-6.1.25
11:13:58.665 [main] INFO  org.mortbay.log - NO JSP Support for /webadmin, did not find org.apache.jasper.servlet.JspServlet
11:14:00.233 [main] INFO  org.mortbay.log - Started SelectChannelConnector@localhost:7474
11:14:01.243 [main] INFO  org.mortbay.log - Started SslSocketConnector@localhost:7473
7/18/13 11:14:01 AM org.neo4j.server.AbstractNeoServer INFO: Server started on [http://localhost:7474/]
7/18/13 11:14:25 AM org.neo4j.server.webadmin.rest.console.SessionFactoryImpl INFO: Available console sessions: SHELL: class org.neo4j.server.webadmin.console.ShellSessionCreator
CYPHER: class org.neo4j.server.webadmin.console.CypherSessionCreator

7/18/13 12:33:21 PM org.neo4j.server.CommunityBootstrapper INFO: Neo4j Server shutdown initiated by kill signal
12:33:21.285 [Thread-9] INFO  org.mortbay.log - Stopped SslSocketConnector@localhost:7473
12:33:21.286 [Thread-9] INFO  org.mortbay.log - Stopped SelectChannelConnector@localhost:7474
7/18/13 2:58:41 PM org.neo4j.server.AbstractNeoServer INFO: Setting startup timeout to: 120000ms based on -1
7/18/13 2:58:41 PM org.neo4j.server.database.Database INFO: Loaded neo4j tuning properties from conf/neo4j.properties
7/18/13 2:58:42 PM org.neo4j.server.database.Database INFO: Successfully started database
7/18/13 2:58:42 PM org.neo4j.server.AbstractNeoServer INFO: Starting Neo Server on port [7474] with [40] threads available
7/18/13 2:58:42 PM org.neo4j.server.AbstractNeoServer INFO: Enabling HTTPS on port [7473]
7/18/13 2:58:42 PM org.neo4j.server.modules.DiscoveryModule INFO: Mounted discovery module at [/]
7/18/13 2:58:42 PM org.neo4j.server.modules.RESTApiModule INFO: Mounted REST API at [/db/data/]
7/18/13 2:58:42 PM org.neo4j.server.modules.ManagementApiModule INFO: Mounted management API at [/db/manage/]
7/18/13 2:58:42 PM org.neo4j.server.modules.WebAdminModule INFO: Mounted webadmin at [/webadmin]
14:58:42.945 [main] INFO  org.mortbay.log - Logging to Logger[org.mortbay.log] via org.mortbay.log.Slf4jLog
7/18/13 2:58:42 PM org.neo4j.server.web.Jetty6WebServer INFO: Mounting static content at [/webadmin] from [webadmin-html]
14:58:43.008 [main] INFO  org.mortbay.log - jetty-6.1.25
14:58:43.092 [main] INFO  org.mortbay.log - NO JSP Support for /webadmin, did not find org.apache.jasper.servlet.JspServlet
14:58:44.604 [main] INFO  org.mortbay.log - Started SelectChannelConnector@localhost:7474
14:58:45.171 [main] INFO  org.mortbay.log - Started SslSocketConnector@localhost:7473
7/18/13 2:58:45 PM org.neo4j.server.AbstractNeoServer INFO: Server started on [http://localhost:7474/]
7/18/13 2:58:47 PM org.neo4j.server.webadmin.rest.console.SessionFactoryImpl INFO: Available console sessions: SHELL: class org.neo4j.server.webadmin.console.ShellSessionCreator
CYPHER: class org.neo4j.server.webadmin.console.CypherSessionCreator

7/18/13 5:49:22 PM org.neo4j.server.CommunityBootstrapper INFO: Neo4j Server shutdown initiated by kill signal
17:49:22.140 [Thread-9] INFO  org.mortbay.log - Stopped SslSocketConnector@localhost:7473
17:49:22.141 [Thread-9] INFO  org.mortbay.log - Stopped SelectChannelConnector@localhost:7474
7/18/13 5:55:06 PM org.neo4j.server.AbstractNeoServer INFO: Setting startup timeout to: 120000ms based on -1
7/18/13 5:55:06 PM org.neo4j.server.database.Database INFO: Loaded neo4j tuning properties from conf/neo4j.properties
7/18/13 5:55:07 PM org.neo4j.server.database.Database INFO: Successfully started database
7/18/13 5:55:08 PM org.neo4j.server.AbstractNeoServer INFO: Starting Neo Server on port [7474] with [40] threads available
7/18/13 5:55:08 PM org.neo4j.server.AbstractNeoServer INFO: Enabling HTTPS on port [7473]
7/18/13 5:55:08 PM org.neo4j.server.modules.DiscoveryModule INFO: Mounted discovery module at [/]
7/18/13 5:55:08 PM org.neo4j.server.modules.RESTApiModule INFO: Mounted REST API at [/db/data/]
7/18/13 5:55:08 PM org.neo4j.server.modules.ManagementApiModule INFO: Mounted management API at [/db/manage/]
7/18/13 5:55:08 PM org.neo4j.server.modules.WebAdminModule INFO: Mounted webadmin at [/webadmin]
17:55:08.654 [main] INFO  org.mortbay.log - Logging to Logger[org.mortbay.log] via org.mortbay.log.Slf4jLog
7/18/13 5:55:08 PM org.neo4j.server.web.Jetty6WebServer INFO: Mounting static content at [/webadmin] from [webadmin-html]
17:55:08.702 [main] INFO  org.mortbay.log - jetty-6.1.25
17:55:08.784 [main] INFO  org.mortbay.log - NO JSP Support for /webadmin, did not find org.apache.jasper.servlet.JspServlet
17:55:10.117 [main] INFO  org.mortbay.log - Started SelectChannelConnector@localhost:7474
17:55:10.635 [main] INFO  org.mortbay.log - Started SslSocketConnector@localhost:7473
7/18/13 5:55:10 PM org.neo4j.server.AbstractNeoServer INFO: Server started on [http://localhost:7474/]
7/19/13 10:49:59 AM org.neo4j.server.CommunityBootstrapper INFO: Neo4j Server shutdown initiated by kill signal
10:49:59.010 [Thread-9] INFO  org.mortbay.log - Stopped SslSocketConnector@localhost:7473
10:49:59.012 [Thread-9] INFO  org.mortbay.log - Stopped SelectChannelConnector@localhost:7474
7/19/13 10:50:04 AM org.neo4j.server.AbstractNeoServer INFO: Setting startup timeout to: 120000ms based on -1
7/19/13 10:50:04 AM org.neo4j.server.database.Database INFO: Loaded neo4j tuning properties from conf/neo4j.properties
7/19/13 10:50:05 AM org.neo4j.server.database.Database INFO: Successfully started database
7/19/13 10:50:05 AM org.neo4j.server.AbstractNeoServer INFO: Starting Neo Server on port [7474] with [40] threads available
7/19/13 10:50:05 AM org.neo4j.server.AbstractNeoServer INFO: Enabling HTTPS on port [7473]
7/19/13 10:50:05 AM org.neo4j.server.modules.DiscoveryModule INFO: Mounted discovery module at [/]
7/19/13 10:50:05 AM org.neo4j.server.modules.RESTApiModule INFO: Mounted REST API at [/db/data/]
7/19/13 10:50:05 AM org.neo4j.server.modules.ManagementApiModule INFO: Mounted management API at [/db/manage/]
7/19/13 10:50:06 AM org.neo4j.server.modules.WebAdminModule INFO: Mounted webadmin at [/webadmin]
10:50:06.032 [main] INFO  org.mortbay.log - Logging to Logger[org.mortbay.log] via org.mortbay.log.Slf4jLog
7/19/13 10:50:06 AM org.neo4j.server.web.Jetty6WebServer INFO: Mounting static content at [/webadmin] from [webadmin-html]
10:50:06.078 [main] INFO  org.mortbay.log - jetty-6.1.25
10:50:06.155 [main] INFO  org.mortbay.log - NO JSP Support for /webadmin, did not find org.apache.jasper.servlet.JspServlet
10:50:07.556 [main] INFO  org.mortbay.log - Started SelectChannelConnector@localhost:7474
10:50:08.083 [main] INFO  org.mortbay.log - Started SslSocketConnector@localhost:7473
7/19/13 10:50:08 AM org.neo4j.server.AbstractNeoServer INFO: Server started on [http://localhost:7474/]
7/19/13 10:59:04 AM org.neo4j.server.webadmin.rest.console.SessionFactoryImpl INFO: Available console sessions: SHELL: class org.neo4j.server.webadmin.console.ShellSessionCreator
CYPHER: class org.neo4j.server.webadmin.console.CypherSessionCreator

7/29/13 10:26:09 AM org.neo4j.server.CommunityBootstrapper INFO: Neo4j Server shutdown initiated by kill signal
10:26:13.282 [Thread-9] INFO  org.mortbay.log - Stopped SslSocketConnector@localhost:7473
10:26:13.611 [Thread-9] INFO  org.mortbay.log - Stopped SelectChannelConnector@localhost:7474
7/29/13 12:15:39 PM org.neo4j.server.AbstractNeoServer INFO: Setting startup timeout to: 120000ms based on -1
Detected incorrectly shut down database, performing recovery..
7/29/13 12:15:44 PM org.neo4j.server.database.Database INFO: Loaded neo4j tuning properties from conf/neo4j.properties
7/29/13 12:15:44 PM org.neo4j.server.database.Database INFO: Successfully started database
7/29/13 12:15:45 PM org.neo4j.server.AbstractNeoServer INFO: Starting Neo Server on port [7474] with [40] threads available
7/29/13 12:15:45 PM org.neo4j.server.AbstractNeoServer INFO: Enabling HTTPS on port [7473]
7/29/13 12:15:45 PM org.neo4j.server.modules.DiscoveryModule INFO: Mounted discovery module at [/]
7/29/13 12:15:45 PM org.neo4j.server.modules.RESTApiModule INFO: Mounted REST API at [/db/data/]
7/29/13 12:15:45 PM org.neo4j.server.modules.ManagementApiModule INFO: Mounted management API at [/db/manage/]
7/29/13 12:15:46 PM org.neo4j.server.modules.WebAdminModule INFO: Mounted webadmin at [/webadmin]
12:15:46.155 [main] INFO  org.mortbay.log - Logging to Logger[org.mortbay.log] via org.mortbay.log.Slf4jLog
7/29/13 12:15:46 PM org.neo4j.server.web.Jetty6WebServer INFO: Mounting static content at [/webadmin] from [webadmin-html]
12:15:46.261 [main] INFO  org.mortbay.log - jetty-6.1.25
12:15:46.338 [main] INFO  org.mortbay.log - NO JSP Support for /webadmin, did not find org.apache.jasper.servlet.JspServlet
12:15:47.850 [main] INFO  org.mortbay.log - Started SelectChannelConnector@localhost:7474
12:15:48.669 [main] INFO  org.mortbay.log - Started SslSocketConnector@localhost:7473
7/29/13 12:15:48 PM org.neo4j.server.AbstractNeoServer INFO: Server started on [http://localhost:7474/]
7/29/13 1:07:54 PM org.neo4j.server.webadmin.rest.console.SessionFactoryImpl INFO: Available console sessions: SHELL: class org.neo4j.server.webadmin.console.ShellSessionCreator
CYPHER: class org.neo4j.server.webadmin.console.CypherSessionCreator

7/29/13 3:35:03 PM org.neo4j.server.CommunityBootstrapper INFO: Neo4j Server shutdown initiated by kill signal
15:35:03.965 [Thread-11] INFO  org.mortbay.log - Stopped SslSocketConnector@localhost:7473
15:35:03.966 [Thread-11] INFO  org.mortbay.log - Stopped SelectChannelConnector@localhost:7474
7/29/13 3:35:07 PM org.neo4j.server.AbstractNeoServer INFO: Setting startup timeout to: 120000ms based on -1
7/29/13 3:35:07 PM org.neo4j.server.database.Database INFO: Loaded neo4j tuning properties from conf/neo4j.properties
7/29/13 3:35:09 PM org.neo4j.server.database.Database INFO: Successfully started database
7/29/13 3:35:09 PM org.neo4j.server.AbstractNeoServer INFO: Starting Neo Server on port [7474] with [40] threads available
7/29/13 3:35:09 PM org.neo4j.server.AbstractNeoServer INFO: Enabling HTTPS on port [7473]
7/29/13 3:35:09 PM org.neo4j.server.modules.DiscoveryModule INFO: Mounted discovery module at [/]
7/29/13 3:35:09 PM org.neo4j.server.modules.RESTApiModule INFO: Mounted REST API at [/db/data/]
7/29/13 3:35:09 PM org.neo4j.server.modules.ManagementApiModule INFO: Mounted management API at [/db/manage/]
7/29/13 3:35:09 PM org.neo4j.server.modules.WebAdminModule INFO: Mounted webadmin at [/webadmin]
15:35:09.838 [main] INFO  org.mortbay.log - Logging to Logger[org.mortbay.log] via org.mortbay.log.Slf4jLog
7/29/13 3:35:09 PM org.neo4j.server.web.Jetty6WebServer INFO: Mounting static content at [/webadmin] from [webadmin-html]
15:35:09.885 [main] INFO  org.mortbay.log - jetty-6.1.25
15:35:09.964 [main] INFO  org.mortbay.log - NO JSP Support for /webadmin, did not find org.apache.jasper.servlet.JspServlet
15:35:11.340 [main] INFO  org.mortbay.log - Started SelectChannelConnector@localhost:7474
15:35:11.876 [main] INFO  org.mortbay.log - Started SslSocketConnector@localhost:7473
7/29/13 3:35:11 PM org.neo4j.server.AbstractNeoServer INFO: Server started on [http://localhost:7474/]
7/29/13 5:51:07 PM org.neo4j.server.CommunityBootstrapper INFO: Neo4j Server shutdown initiated by kill signal
17:51:07.360 [Thread-9] INFO  org.mortbay.log - Stopped SslSocketConnector@localhost:7473
17:51:07.361 [Thread-9] INFO  org.mortbay.log - Stopped SelectChannelConnector@localhost:7474
7/29/13 5:51:15 PM org.neo4j.server.AbstractNeoServer INFO: Setting startup timeout to: 120000ms based on -1
7/29/13 5:51:15 PM org.neo4j.server.database.Database INFO: Loaded neo4j tuning properties from conf/neo4j.properties
7/29/13 5:51:16 PM org.neo4j.server.database.Database INFO: Successfully started database
7/29/13 5:51:17 PM org.neo4j.server.AbstractNeoServer INFO: Starting Neo Server on port [7474] with [40] threads available
7/29/13 5:51:17 PM org.neo4j.server.AbstractNeoServer INFO: Enabling HTTPS on port [7473]
7/29/13 5:51:17 PM org.neo4j.server.modules.DiscoveryModule INFO: Mounted discovery module at [/]
7/29/13 5:51:17 PM org.neo4j.server.modules.RESTApiModule INFO: Mounted REST API at [/db/data/]
7/29/13 5:51:17 PM org.neo4j.server.modules.ManagementApiModule INFO: Mounted management API at [/db/manage/]
7/29/13 5:51:17 PM org.neo4j.server.modules.WebAdminModule INFO: Mounted webadmin at [/webadmin]
17:51:17.591 [main] INFO  org.mortbay.log - Logging to Logger[org.mortbay.log] via org.mortbay.log.Slf4jLog
7/29/13 5:51:17 PM org.neo4j.server.web.Jetty6WebServer INFO: Mounting static content at [/webadmin] from [webadmin-html]
17:51:17.639 [main] INFO  org.mortbay.log - jetty-6.1.25
17:51:17.719 [main] INFO  org.mortbay.log - NO JSP Support for /webadmin, did not find org.apache.jasper.servlet.JspServlet
17:51:19.156 [main] INFO  org.mortbay.log - Started SelectChannelConnector@localhost:7474
17:51:19.722 [main] INFO  org.mortbay.log - Started SslSocketConnector@localhost:7473
7/29/13 5:51:19 PM org.neo4j.server.AbstractNeoServer INFO: Server started on [http://localhost:7474/]
7/29/13 5:51:27 PM org.neo4j.server.webadmin.rest.console.SessionFactoryImpl INFO: Available console sessions: SHELL: class org.neo4j.server.webadmin.console.ShellSessionCreator
CYPHER: class org.neo4j.server.webadmin.console.CypherSessionCreator

7/29/13 6:00:26 PM org.neo4j.server.CommunityBootstrapper INFO: Neo4j Server shutdown initiated by kill signal
18:00:26.494 [Thread-9] INFO  org.mortbay.log - Stopped SslSocketConnector@localhost:7473
18:00:26.495 [Thread-9] INFO  org.mortbay.log - Stopped SelectChannelConnector@localhost:7474
7/30/13 10:08:58 AM org.neo4j.server.AbstractNeoServer INFO: Setting startup timeout to: 120000ms based on -1
7/30/13 10:08:58 AM org.neo4j.server.database.Database INFO: Loaded neo4j tuning properties from conf/neo4j.properties
7/30/13 10:08:59 AM org.neo4j.server.database.Database INFO: Successfully started database
7/30/13 10:08:59 AM org.neo4j.server.AbstractNeoServer INFO: Starting Neo Server on port [7474] with [40] threads available
7/30/13 10:08:59 AM org.neo4j.server.AbstractNeoServer INFO: Enabling HTTPS on port [7473]
7/30/13 10:08:59 AM org.neo4j.server.modules.DiscoveryModule INFO: Mounted discovery module at [/]
7/30/13 10:08:59 AM org.neo4j.server.modules.RESTApiModule INFO: Mounted REST API at [/db/data/]
7/30/13 10:08:59 AM org.neo4j.server.modules.ManagementApiModule INFO: Mounted management API at [/db/manage/]
7/30/13 10:09:00 AM org.neo4j.server.modules.WebAdminModule INFO: Mounted webadmin at [/webadmin]
10:09:00.033 [main] INFO  org.mortbay.log - Logging to Logger[org.mortbay.log] via org.mortbay.log.Slf4jLog
7/30/13 10:09:00 AM org.neo4j.server.web.Jetty6WebServer INFO: Mounting static content at [/webadmin] from [webadmin-html]
10:09:00.100 [main] INFO  org.mortbay.log - jetty-6.1.25
10:09:00.181 [main] INFO  org.mortbay.log - NO JSP Support for /webadmin, did not find org.apache.jasper.servlet.JspServlet
10:09:01.780 [main] INFO  org.mortbay.log - Started SelectChannelConnector@localhost:7474
10:09:02.333 [main] INFO  org.mortbay.log - Started SslSocketConnector@localhost:7473
7/30/13 10:09:02 AM org.neo4j.server.AbstractNeoServer INFO: Server started on [http://localhost:7474/]
7/30/13 10:10:11 AM org.neo4j.server.webadmin.rest.console.SessionFactoryImpl INFO: Available console sessions: SHELL: class org.neo4j.server.webadmin.console.ShellSessionCreator
CYPHER: class org.neo4j.server.webadmin.console.CypherSessionCreator

8/1/13 5:41:03 PM org.neo4j.server.CommunityBootstrapper INFO: Neo4j Server shutdown initiated by kill signal
17:41:03.301 [Thread-9] INFO  org.mortbay.log - Stopped SslSocketConnector@localhost:7473
17:41:03.373 [Thread-9] INFO  org.mortbay.log - Stopped SelectChannelConnector@localhost:7474
